[    31.259] (WW) Failed to open protocol names file lib/xorg/protocol.txt
[    31.260] 
X.Org X Server 1.20.13
X Protocol Version 11, Revision 0
[    31.260] Build Operating System: Linux Archlinux
[    31.260] Current Operating System: Linux farinha-core 5.10.76-1-lts #1 SMP Sat, 30 Oct 2021 19:13:46 +0000 x86_64
[    31.260] Kernel command line: BOOT_IMAGE=/boot/vmlinuz-linux-lts root=UUID=47f064fa-892b-4c15-9043-7b41b6bd283a rw quiet loglevel=3 audit=0
[    31.260] Build Date: 31 October 2021  06:30:01AM
[    31.260]  
[    31.260] Current version of pixman: 0.40.0
[    31.260] 	Before reporting problems, check http://wiki.x.org
	to make sure that you have the latest version.
[    31.260] Markers: (--) probed, (**) from config file, (==) default setting,
	(++) from command line, (!!) notice, (II) informational,
	(WW) warning, (EE) error, (NI) not implemented, (??) unknown.
[    31.261] (==) Log file: "/home/farinha/.local/share/xorg/Xorg.0.log", Time: Mon Nov  1 21:09:30 2021
[    31.267] (==) Using config directory: "/etc/X11/xorg.conf.d"
[    31.267] (==) Using system config directory "/usr/share/X11/xorg.conf.d"
[    31.309] (==) No Layout section.  Using the first Screen section.
[    31.309] (==) No screen section available. Using defaults.
[    31.309] (**) |-->Screen "Default Screen Section" (0)
[    31.309] (**) |   |-->Monitor "<default monitor>"
[    31.310] (==) No monitor specified for screen "Default Screen Section".
	Using a default monitor configuration.
[    31.310] (**) Option "DontZap" "false"
[    31.310] (==) Automatically adding devices
[    31.310] (==) Automatically enabling devices
[    31.310] (==) Automatically adding GPU devices
[    31.310] (==) Automatically binding GPU devices
[    31.310] (==) Max clients allowed: 256, resource mask: 0x1fffff
[    31.331] (WW) The directory "/usr/share/fonts/OTF" does not exist.
[    31.331] 	Entry deleted from font path.
[    31.331] (WW) The directory "/usr/share/fonts/Type1" does not exist.
[    31.332] 	Entry deleted from font path.
[    31.332] (WW) The directory "/usr/share/fonts/100dpi" does not exist.
[    31.332] 	Entry deleted from font path.
[    31.332] (WW) The directory "/usr/share/fonts/75dpi" does not exist.
[    31.332] 	Entry deleted from font path.
[    31.332] (==) FontPath set to:
	/usr/share/fonts/misc,
	/usr/share/fonts/TTF
[    31.332] (==) ModulePath set to "/usr/lib/xorg/modules"
[    31.332] (II) The server relies on udev to provide the list of input devices.
	If no devices become available, reconfigure udev or disable AutoAddDevices.
[    31.332] (II) Module ABI versions:
[    31.332] 	X.Org ANSI C Emulation: 0.4
[    31.332] 	X.Org Video Driver: 24.1
[    31.332] 	X.Org XInput driver : 24.1
[    31.332] 	X.Org Server Extension : 10.0
[    31.332] (++) using VT number 1

[    31.334] (II) systemd-logind: took control of session /org/freedesktop/login1/session/_31
[    31.337] (II) xfree86: Adding drm device (/dev/dri/card0)
[    31.338] (II) systemd-logind: got fd for /dev/dri/card0 226:0 fd 10 paused 0
[    31.341] (--) PCI:*(0@0:2:0) 15ad:0405:15ad:0405 rev 0, Mem @ 0xe0000000/134217728, 0xf0000000/2097152, I/O @ 0x0000d010/16, BIOS @ 0x????????/131072
[    31.341] (WW) Open ACPI failed (/var/run/acpid.socket) (No such file or directory)
[    31.341] (II) LoadModule: "glx"
[    31.346] (II) Loading /usr/lib/xorg/modules/extensions/libglx.so
[    31.376] (II) Module glx: vendor="X.Org Foundation"
[    31.376] 	compiled for 1.20.13, module version = 1.0.0
[    31.376] 	ABI class: X.Org Server Extension, version 10.0
[    31.376] (==) Matched vmware as autoconfigured driver 0
[    31.376] (==) Matched modesetting as autoconfigured driver 1
[    31.376] (==) Matched fbdev as autoconfigured driver 2
[    31.376] (==) Matched vesa as autoconfigured driver 3
[    31.376] (==) Assigned the driver to the xf86ConfigLayout
[    31.376] (II) LoadModule: "vmware"
[    31.376] (II) Loading /usr/lib/xorg/modules/drivers/vmware_drv.so
[    32.469] (II) Module vmware: vendor="X.Org Foundation"
[    32.469] 	compiled for 1.20.8, module version = 13.3.0
[    32.469] 	Module class: X.Org Video Driver
[    32.469] 	ABI class: X.Org Video Driver, version 24.1
[    32.469] (II) LoadModule: "modesetting"
[    32.469] (II) Loading /usr/lib/xorg/modules/drivers/modesetting_drv.so
[    32.496] (II) Module modesetting: vendor="X.Org Foundation"
[    32.496] 	compiled for 1.20.13, module version = 1.20.13
[    32.496] 	Module class: X.Org Video Driver
[    32.496] 	ABI class: X.Org Video Driver, version 24.1
[    32.496] (II) LoadModule: "fbdev"
[    32.496] (II) Loading /usr/lib/xorg/modules/drivers/fbdev_drv.so
[    32.509] (II) Module fbdev: vendor="X.Org Foundation"
[    32.509] 	compiled for 1.20.8, module version = 0.5.0
[    32.509] 	Module class: X.Org Video Driver
[    32.509] 	ABI class: X.Org Video Driver, version 24.1
[    32.509] (II) LoadModule: "vesa"
[    32.509] (II) Loading /usr/lib/xorg/modules/drivers/vesa_drv.so
[    32.515] (II) Module vesa: vendor="X.Org Foundation"
[    32.515] 	compiled for 1.20.9, module version = 2.5.0
[    32.515] 	Module class: X.Org Video Driver
[    32.515] 	ABI class: X.Org Video Driver, version 24.1
[    32.515] (II) vmware: driver for VMware SVGA: vmware0405, vmware0710
[    32.515] (II) modesetting: Driver for Modesetting Kernel Drivers: kms
[    32.515] (II) FBDEV: driver for framebuffer: fbdev
[    32.515] (II) VESA: driver for VESA chipsets: vesa
[    32.515] xf86EnableIOPorts: failed to set IOPL for I/O (Operation not permitted)
[    32.515] (WW) Falling back to old probe method for modesetting
[    32.515] (WW) Falling back to old probe method for fbdev
[    32.515] (II) Loading sub module "fbdevhw"
[    32.515] (II) LoadModule: "fbdevhw"
[    32.516] (II) Loading /usr/lib/xorg/modules/libfbdevhw.so
[    32.523] (II) Module fbdevhw: vendor="X.Org Foundation"
[    32.523] 	compiled for 1.20.13, module version = 0.0.2
[    32.523] 	ABI class: X.Org Video Driver, version 24.1
[    32.523] (WW) VGA arbiter: cannot open kernel arbiter, no multi-card support
[    32.523] (II) vmware(0): Creating default Display subsection in Screen section
	"Default Screen Section" for depth/fbbpp 24/32
[    32.523] (--) vmware(0): DRM driver version is 2.18.0
[    32.523] (==) vmware(0): Depth 24, (--) framebuffer bpp 32
[    32.523] (==) vmware(0): RGB weight 888
[    32.523] (==) vmware(0): Default visual is TrueColor
[    32.523] (--) vmware(0): Min width 1, Max Width 8192.
[    32.523] (--) vmware(0): Min height 1, Max Height 8192.
[    32.528] (II) vmware(0): Output Virtual1 has no monitor section
[    32.528] (II) vmware(0): Output Virtual2 has no monitor section
[    32.529] (II) vmware(0): Output Virtual3 has no monitor section
[    32.529] (II) vmware(0): Output Virtual4 has no monitor section
[    32.529] (II) vmware(0): Output Virtual5 has no monitor section
[    32.529] (II) vmware(0): Output Virtual6 has no monitor section
[    32.529] (II) vmware(0): Output Virtual7 has no monitor section
[    32.529] (II) vmware(0): Output Virtual8 has no monitor section
[    32.529] (II) vmware(0): Printing probed modes for output Virtual1
[    32.529] (II) vmware(0): Modeline "1856x1015"x60.0  140.21  1856 1906 1956 2006  1015 1065 1115 1165 -hsync +vsync (69.9 kHz eP)
[    32.529] (II) vmware(0): Modeline "2560x1600"x60.0  348.50  2560 2752 3032 3504  1600 1603 1609 1658 -hsync +vsync (99.5 kHz e)
[    32.529] (II) vmware(0): Modeline "1920x1440"x60.0  234.00  1920 2048 2256 2600  1440 1441 1444 1500 -hsync +vsync (90.0 kHz e)
[    32.529] (II) vmware(0): Modeline "1856x1392"x60.0  218.25  1856 1952 2176 2528  1392 1393 1396 1439 -hsync +vsync (86.3 kHz e)
[    32.529] (II) vmware(0): Modeline "1792x1344"x60.0  204.75  1792 1920 2120 2448  1344 1345 1348 1394 -hsync +vsync (83.6 kHz e)
[    32.529] (II) vmware(0): Modeline "1920x1200"x59.9  193.25  1920 2056 2256 2592  1200 1203 1209 1245 -hsync +vsync (74.6 kHz e)
[    32.529] (II) vmware(0): Modeline "1600x1200"x60.0  162.00  1600 1664 1856 2160  1200 1201 1204 1250 +hsync +vsync (75.0 kHz e)
[    32.529] (II) vmware(0): Modeline "1680x1050"x60.0  146.25  1680 1784 1960 2240  1050 1053 1059 1089 -hsync +vsync (65.3 kHz e)
[    32.529] (II) vmware(0): Modeline "1400x1050"x60.0  121.75  1400 1488 1632 1864  1050 1053 1057 1089 -hsync +vsync (65.3 kHz e)
[    32.529] (II) vmware(0): Modeline "1280x1024"x60.0  108.00  1280 1328 1440 1688  1024 1025 1028 1066 +hsync +vsync (64.0 kHz e)
[    32.529] (II) vmware(0): Modeline "1440x900"x59.9  106.50  1440 1520 1672 1904  900 903 909 934 -hsync +vsync (55.9 kHz e)
[    32.529] (II) vmware(0): Modeline "1280x960"x60.0  108.00  1280 1376 1488 1800  960 961 964 1000 +hsync +vsync (60.0 kHz e)
[    32.529] (II) vmware(0): Modeline "1360x768"x60.0   85.50  1360 1424 1536 1792  768 771 777 795 +hsync +vsync (47.7 kHz e)
[    32.529] (II) vmware(0): Modeline "1280x800"x59.8   83.50  1280 1352 1480 1680  800 803 809 831 +hsync -vsync (49.7 kHz e)
[    32.529] (II) vmware(0): Modeline "1152x864"x75.0  108.00  1152 1216 1344 1600  864 865 868 900 +hsync +vsync (67.5 kHz e)
[    32.529] (II) vmware(0): Modeline "1280x768"x59.9   79.50  1280 1344 1472 1664  768 771 778 798 -hsync +vsync (47.8 kHz e)
[    32.529] (II) vmware(0): Modeline "1024x768"x60.0   65.00  1024 1048 1184 1344  768 771 777 806 -hsync -vsync (48.4 kHz e)
[    32.529] (II) vmware(0): Modeline "800x600"x60.3   40.00  800 840 968 1056  600 601 605 628 +hsync +vsync (37.9 kHz e)
[    32.529] (II) vmware(0): Modeline "640x480"x59.9   25.18  640 656 752 800  480 489 492 525 -hsync -vsync (31.5 kHz e)
[    32.529] (II) vmware(0): EDID for output Virtual2
[    32.529] (II) vmware(0): EDID for output Virtual3
[    32.529] (II) vmware(0): EDID for output Virtual4
[    32.529] (II) vmware(0): EDID for output Virtual5
[    32.529] (II) vmware(0): EDID for output Virtual6
[    32.530] (II) vmware(0): EDID for output Virtual7
[    32.530] (II) vmware(0): EDID for output Virtual8
[    32.530] (II) vmware(0): Output Virtual1 connected
[    32.530] (II) vmware(0): Output Virtual2 disconnected
[    32.530] (II) vmware(0): Output Virtual3 disconnected
[    32.530] (II) vmware(0): Output Virtual4 disconnected
[    32.530] (II) vmware(0): Output Virtual5 disconnected
[    32.530] (II) vmware(0): Output Virtual6 disconnected
[    32.530] (II) vmware(0): Output Virtual7 disconnected
[    32.530] (II) vmware(0): Output Virtual8 disconnected
[    32.530] (II) vmware(0): Using exact sizes for initial modes
[    32.530] (II) vmware(0): Output Virtual1 using initial mode 1856x1015 +0+0
[    32.530] (==) vmware(0): DPI set to (96, 96)
[    32.530] (==) vmware(0): Using gamma correction (1.0, 1.0, 1.0)
[    32.530] (II) Loading sub module "fb"
[    32.530] (II) LoadModule: "fb"
[    32.530] (II) Loading /usr/lib/xorg/modules/libfb.so
[    32.537] (II) Module fb: vendor="X.Org Foundation"
[    32.537] 	compiled for 1.20.13, module version = 1.0.0
[    32.537] 	ABI class: X.Org ANSI C Emulation, version 0.4
[    32.537] (II) Loading sub module "dri2"
[    32.537] (II) LoadModule: "dri2"
[    32.538] (II) Module "dri2" already built-in
[    32.538] (II) Loading sub module "dri3"
[    32.538] (II) LoadModule: "dri3"
[    32.538] (II) Module "dri3" already built-in
[    32.538] (II) UnloadModule: "modesetting"
[    32.538] (II) Unloading modesetting
[    32.538] (II) UnloadModule: "fbdev"
[    32.538] (II) Unloading fbdev
[    32.538] (II) UnloadSubModule: "fbdevhw"
[    32.538] (II) Unloading fbdevhw
[    32.538] (II) UnloadModule: "vesa"
[    32.538] (II) Unloading vesa
[    32.557] (II) vmware(0): Initialized VMWARE_CTRL extension version 0.2
[    32.634] (II) vmware(0): Gallium3D XA version: 2.5.0.
[    32.634] (II) vmware(0): Path of drm device is "/dev/dri/card0".
[    32.634] (II) vmware(0): [DRI2] Setup complete
[    32.634] (II) vmware(0): [DRI2]   DRI driver: vmwgfx
[    32.644] (--) vmware(0): Render acceleration is enabled.
[    32.644] (==) vmware(0): Rendercheck mode is disabled.
[    32.644] (--) vmware(0): Direct rendering (DRI2 3D) is enabled.
[    32.644] (--) vmware(0): Direct rendering (DRI3 3D) is enabled.
[    32.644] (==) vmware(0): Direct presents are disabled.
[    32.644] (==) vmware(0): Hardware only presents are disabled.
[    32.644] (==) vmware(0): Backing store enabled
[    32.644] (==) vmware(0): Silken mouse disabled
[    32.648] (==) vmware(0): DPMS enabled
[    32.648] (II) Initializing extension Generic Event Extension
[    32.648] (II) Initializing extension SHAPE
[    32.648] (II) Initializing extension MIT-SHM
[    32.648] (II) Initializing extension XInputExtension
[    32.648] (II) Initializing extension XTEST
[    32.648] (II) Initializing extension BIG-REQUESTS
[    32.648] (II) Initializing extension SYNC
[    32.648] (II) Initializing extension XKEYBOARD
[    32.648] (II) Initializing extension XC-MISC
[    32.648] (II) Initializing extension SECURITY
[    32.648] (II) Initializing extension XFIXES
[    32.648] (II) Initializing extension RENDER
[    32.648] (II) Initializing extension RANDR
[    32.648] (II) Initializing extension COMPOSITE
[    32.649] (II) Initializing extension DAMAGE
[    32.649] (II) Initializing extension MIT-SCREEN-SAVER
[    32.649] (II) Initializing extension DOUBLE-BUFFER
[    32.649] (II) Initializing extension RECORD
[    32.649] (II) Initializing extension DPMS
[    32.649] (II) Initializing extension Present
[    32.649] (II) Initializing extension DRI3
[    32.649] (II) Initializing extension X-Resource
[    32.649] (II) Initializing extension XVideo
[    32.649] (II) Initializing extension XVideo-MotionCompensation
[    32.649] (II) Initializing extension GLX
[    32.912] (II) AIGLX: Loaded and initialized vmwgfx
[    32.913] (II) GLX: Initialized DRI2 GL provider for screen 0
[    32.913] (II) Initializing extension XFree86-VidModeExtension
[    32.913] (II) Initializing extension XFree86-DGA
[    32.913] (II) Initializing extension XFree86-DRI
[    32.913] (II) Initializing extension DRI2
[    32.921] (II) vmware(0): Setting screen physical size to 491 x 268
[    33.140] (II) config/udev: Adding input device Power Button (/dev/input/event0)
[    33.140] (**) Power Button: Applying InputClass "evdev keyboard catchall"
[    33.140] (**) Power Button: Applying InputClass "libinput keyboard catchall"
[    33.140] (**) Power Button: Applying InputClass "system-keyboard"
[    33.140] (**) Power Button: Applying InputClass "Keyboard Defaults"
[    33.140] (II) LoadModule: "libinput"
[    33.140] (II) Loading /usr/lib/xorg/modules/input/libinput_drv.so
[    33.171] (II) Module libinput: vendor="X.Org Foundation"
[    33.171] 	compiled for 1.20.13, module version = 1.2.0
[    33.171] 	Module class: X.Org XInput Driver
[    33.171] 	ABI class: X.Org XInput driver, version 24.1
[    33.171] (II) Using input driver 'libinput' for 'Power Button'
[    33.173] (II) systemd-logind: got fd for /dev/input/event0 13:64 fd 17 paused 0
[    33.173] (**) Power Button: always reports core events
[    33.173] (**) Option "Device" "/dev/input/event0"
[    33.173] (**) Option "_source" "server/udev"
[    33.200] (II) event0  - Power Button: is tagged by udev as: Keyboard
[    33.200] (II) event0  - Power Button: device is a keyboard
[    33.200] (II) event0  - Power Button: device removed
[    33.200] (**) Option "config_info" "udev:/sys/devices/LNXSYSTM:00/LNXPWRBN:00/input/input0/event0"
[    33.200] (II) XINPUT: Adding extended input device "Power Button" (type: KEYBOARD, id 6)
[    33.200] (**) Option "xkb_layout" "br"
[    33.200] (**) Option "xkb_variant" "thinkpad"
[    33.200] (**) Option "xkb_options" "terminate:ctrl_alt_bksp"
[    33.266] (II) event0  - Power Button: is tagged by udev as: Keyboard
[    33.266] (II) event0  - Power Button: device is a keyboard
[    33.268] (II) config/udev: Adding input device Sleep Button (/dev/input/event1)
[    33.268] (**) Sleep Button: Applying InputClass "evdev keyboard catchall"
[    33.268] (**) Sleep Button: Applying InputClass "libinput keyboard catchall"
[    33.268] (**) Sleep Button: Applying InputClass "system-keyboard"
[    33.268] (**) Sleep Button: Applying InputClass "Keyboard Defaults"
[    33.268] (II) Using input driver 'libinput' for 'Sleep Button'
[    33.269] (II) systemd-logind: got fd for /dev/input/event1 13:65 fd 20 paused 0
[    33.269] (**) Sleep Button: always reports core events
[    33.269] (**) Option "Device" "/dev/input/event1"
[    33.269] (**) Option "_source" "server/udev"
[    33.270] (II) event1  - Sleep Button: is tagged by udev as: Keyboard
[    33.271] (II) event1  - Sleep Button: device is a keyboard
[    33.271] (II) event1  - Sleep Button: device removed
[    33.271] (**) Option "config_info" "udev:/sys/devices/LNXSYSTM:00/LNXSLPBN:00/input/input1/event1"
[    33.271] (II) XINPUT: Adding extended input device "Sleep Button" (type: KEYBOARD, id 7)
[    33.271] (**) Option "xkb_layout" "br"
[    33.271] (**) Option "xkb_variant" "thinkpad"
[    33.271] (**) Option "xkb_options" "terminate:ctrl_alt_bksp"
[    33.274] (II) event1  - Sleep Button: is tagged by udev as: Keyboard
[    33.274] (II) event1  - Sleep Button: device is a keyboard
[    33.276] (II) config/udev: Adding input device Video Bus (/dev/input/event4)
[    33.276] (**) Video Bus: Applying InputClass "evdev keyboard catchall"
[    33.276] (**) Video Bus: Applying InputClass "libinput keyboard catchall"
[    33.276] (**) Video Bus: Applying InputClass "system-keyboard"
[    33.276] (**) Video Bus: Applying InputClass "Keyboard Defaults"
[    33.276] (II) Using input driver 'libinput' for 'Video Bus'
[    33.277] (II) systemd-logind: got fd for /dev/input/event4 13:68 fd 21 paused 0
[    33.277] (**) Video Bus: always reports core events
[    33.277] (**) Option "Device" "/dev/input/event4"
[    33.277] (**) Option "_source" "server/udev"
[    33.278] (II) event4  - Video Bus: is tagged by udev as: Keyboard
[    33.279] (II) event4  - Video Bus: device is a keyboard
[    33.279] (II) event4  - Video Bus: device removed
[    33.279] (**) Option "config_info" "udev:/sys/devices/LNXSYSTM:00/LNXSYBUS:00/PNP0A03:00/LNXVIDEO:00/input/input5/event4"
[    33.279] (II) XINPUT: Adding extended input device "Video Bus" (type: KEYBOARD, id 8)
[    33.279] (**) Option "xkb_layout" "br"
[    33.279] (**) Option "xkb_variant" "thinkpad"
[    33.279] (**) Option "xkb_options" "terminate:ctrl_alt_bksp"
[    33.282] (II) event4  - Video Bus: is tagged by udev as: Keyboard
[    33.283] (II) event4  - Video Bus: device is a keyboard
[    33.285] (II) config/udev: Adding input device VirtualBox mouse integration (/dev/input/event5)
[    33.285] (**) VirtualBox mouse integration: Applying InputClass "evdev pointer catchall"
[    33.285] (**) VirtualBox mouse integration: Applying InputClass "libinput pointer catchall"
[    33.285] (II) Using input driver 'libinput' for 'VirtualBox mouse integration'
[    33.286] (II) systemd-logind: got fd for /dev/input/event5 13:69 fd 22 paused 0
[    33.286] (**) VirtualBox mouse integration: always reports core events
[    33.286] (**) Option "Device" "/dev/input/event5"
[    33.286] (**) Option "_source" "server/udev"
[    33.287] (II) event5  - VirtualBox mouse integration: is tagged by udev as: Mouse
[    33.287] (II) event5  - VirtualBox mouse integration: device is a pointer
[    33.287] (II) event5  - VirtualBox mouse integration: device removed
[    33.287] (**) Option "config_info" "udev:/sys/devices/pci0000:00/0000:00:04.0/input/input7/event5"
[    33.287] (II) XINPUT: Adding extended input device "VirtualBox mouse integration" (type: MOUSE, id 9)
[    33.287] (**) Option "AccelerationScheme" "none"
[    33.287] (**) VirtualBox mouse integration: (accel) selected scheme none/0
[    33.287] (**) VirtualBox mouse integration: (accel) acceleration factor: 2.000
[    33.287] (**) VirtualBox mouse integration: (accel) acceleration threshold: 4
[    33.289] (II) event5  - VirtualBox mouse integration: is tagged by udev as: Mouse
[    33.290] (II) event5  - VirtualBox mouse integration: device is a pointer
[    33.291] (II) config/udev: Adding input device VirtualBox mouse integration (/dev/input/js1)
[    33.291] (II) No input driver specified, ignoring this device.
[    33.291] (II) This device may have been added with another device file.
[    33.292] (II) config/udev: Adding input device VirtualBox mouse integration (/dev/input/mouse1)
[    33.292] (II) No input driver specified, ignoring this device.
[    33.292] (II) This device may have been added with another device file.
[    33.294] (II) config/udev: Adding input device VirtualBox USB Tablet (/dev/input/event3)
[    33.294] (**) VirtualBox USB Tablet: Applying InputClass "evdev pointer catchall"
[    33.294] (**) VirtualBox USB Tablet: Applying InputClass "libinput pointer catchall"
[    33.294] (II) Using input driver 'libinput' for 'VirtualBox USB Tablet'
[    33.366] (II) systemd-logind: got fd for /dev/input/event3 13:67 fd 23 paused 0
[    33.366] (**) VirtualBox USB Tablet: always reports core events
[    33.366] (**) Option "Device" "/dev/input/event3"
[    33.366] (**) Option "_source" "server/udev"
[    33.369] (II) event3  - VirtualBox USB Tablet: is tagged by udev as: Mouse
[    33.370] (II) event3  - VirtualBox USB Tablet: device is a pointer
[    33.371] (II) event3  - VirtualBox USB Tablet: device removed
[    33.371] (**) Option "config_info" "udev:/sys/devices/pci0000:00/0000:00:06.0/usb1/1-1/1-1:1.0/0003:80EE:0021.0001/input/input4/event3"
[    33.371] (II) XINPUT: Adding extended input device "VirtualBox USB Tablet" (type: MOUSE, id 10)
[    33.372] (**) Option "AccelerationScheme" "none"
[    33.372] (**) VirtualBox USB Tablet: (accel) selected scheme none/0
[    33.372] (**) VirtualBox USB Tablet: (accel) acceleration factor: 2.000
[    33.372] (**) VirtualBox USB Tablet: (accel) acceleration threshold: 4
[    33.375] (II) event3  - VirtualBox USB Tablet: is tagged by udev as: Mouse
[    33.376] (II) event3  - VirtualBox USB Tablet: device is a pointer
[    33.378] (II) config/udev: Adding input device VirtualBox USB Tablet (/dev/input/js0)
[    33.378] (II) No input driver specified, ignoring this device.
[    33.378] (II) This device may have been added with another device file.
[    33.380] (II) config/udev: Adding input device VirtualBox USB Tablet (/dev/input/mouse0)
[    33.380] (II) No input driver specified, ignoring this device.
[    33.380] (II) This device may have been added with another device file.
[    33.381] (II) config/udev: Adding input device AT Translated Set 2 keyboard (/dev/input/event2)
[    33.381] (**) AT Translated Set 2 keyboard: Applying InputClass "evdev keyboard catchall"
[    33.381] (**) AT Translated Set 2 keyboard: Applying InputClass "libinput keyboard catchall"
[    33.381] (**) AT Translated Set 2 keyboard: Applying InputClass "system-keyboard"
[    33.381] (**) AT Translated Set 2 keyboard: Applying InputClass "Keyboard Defaults"
[    33.381] (II) Using input driver 'libinput' for 'AT Translated Set 2 keyboard'
[    33.382] (II) systemd-logind: got fd for /dev/input/event2 13:66 fd 24 paused 0
[    33.382] (**) AT Translated Set 2 keyboard: always reports core events
[    33.382] (**) Option "Device" "/dev/input/event2"
[    33.382] (**) Option "_source" "server/udev"
[    33.383] (II) event2  - AT Translated Set 2 keyboard: is tagged by udev as: Keyboard
[    33.383] (II) event2  - AT Translated Set 2 keyboard: device is a keyboard
[    33.385] (II) event2  - AT Translated Set 2 keyboard: device removed
[    33.385] (**) Option "config_info" "udev:/sys/devices/platform/i8042/serio0/input/input2/event2"
[    33.385] (II) XINPUT: Adding extended input device "AT Translated Set 2 keyboard" (type: KEYBOARD, id 11)
[    33.385] (**) Option "xkb_layout" "br"
[    33.385] (**) Option "xkb_variant" "thinkpad"
[    33.386] (**) Option "xkb_options" "terminate:ctrl_alt_bksp"
[    33.388] (II) event2  - AT Translated Set 2 keyboard: is tagged by udev as: Keyboard
[    33.389] (II) event2  - AT Translated Set 2 keyboard: device is a keyboard
[    33.393] (II) config/udev: Adding input device ImExPS/2 Generic Explorer Mouse (/dev/input/event6)
[    33.393] (**) ImExPS/2 Generic Explorer Mouse: Applying InputClass "evdev pointer catchall"
[    33.393] (**) ImExPS/2 Generic Explorer Mouse: Applying InputClass "libinput pointer catchall"
[    33.393] (II) Using input driver 'libinput' for 'ImExPS/2 Generic Explorer Mouse'
[    33.393] (II) systemd-logind: got fd for /dev/input/event6 13:70 fd 25 paused 0
[    33.393] (**) ImExPS/2 Generic Explorer Mouse: always reports core events
[    33.393] (**) Option "Device" "/dev/input/event6"
[    33.394] (**) Option "_source" "server/udev"
[    33.394] (II) event6  - ImExPS/2 Generic Explorer Mouse: is tagged by udev as: Mouse
[    33.394] (II) event6  - ImExPS/2 Generic Explorer Mouse: device is a pointer
[    33.395] (II) event6  - ImExPS/2 Generic Explorer Mouse: device removed
[    33.395] (**) Option "config_info" "udev:/sys/devices/platform/i8042/serio1/input/input6/event6"
[    33.395] (II) XINPUT: Adding extended input device "ImExPS/2 Generic Explorer Mouse" (type: MOUSE, id 12)
[    33.395] (**) Option "AccelerationScheme" "none"
[    33.395] (**) ImExPS/2 Generic Explorer Mouse: (accel) selected scheme none/0
[    33.395] (**) ImExPS/2 Generic Explorer Mouse: (accel) acceleration factor: 2.000
[    33.395] (**) ImExPS/2 Generic Explorer Mouse: (accel) acceleration threshold: 4
[    33.397] (II) event6  - ImExPS/2 Generic Explorer Mouse: is tagged by udev as: Mouse
[    33.398] (II) event6  - ImExPS/2 Generic Explorer Mouse: device is a pointer
[    33.400] (II) config/udev: Adding input device ImExPS/2 Generic Explorer Mouse (/dev/input/mouse2)
[    33.400] (II) No input driver specified, ignoring this device.
[    33.400] (II) This device may have been added with another device file.
[    34.450] (!!) vmware(0): New layout.
[    34.450] (!!) vmware(0): 0: 0 0 1920 1080
[    34.450] (!!) vmware(0): 
[    34.488] (EE) No surface to present from.
